0 info it worked if it ends with ok
1 verbose cli [ '/usr/local/bin/node',
1 verbose cli   '/usr/local/bin/npm',
1 verbose cli   'install',
1 verbose cli   '-g',
1 verbose cli   'nodemon' ]
2 info using npm@2.14.3
3 info using node@v4.1.0
4 verbose install initial load of /usr/local/lib/package.json
5 verbose readDependencies loading dependencies from /usr/local/lib/package.json
6 silly cache add args [ 'nodemon', null ]
7 verbose cache add spec nodemon
8 silly cache add parsed spec Result {
8 silly cache add   raw: 'nodemon',
8 silly cache add   scope: null,
8 silly cache add   name: 'nodemon',
8 silly cache add   rawSpec: '',
8 silly cache add   spec: '*',
8 silly cache add   type: 'range' }
9 silly addNamed nodemon@*
10 verbose addNamed "*" is a valid semver range for nodemon
11 silly addNameRange { name: 'nodemon', range: '*', hasData: false }
12 silly mapToRegistry name nodemon
13 silly mapToRegistry using default registry
14 silly mapToRegistry registry https://registry.npmjs.org/
15 silly mapToRegistry uri https://registry.npmjs.org/nodemon
16 verbose addNameRange registry:https://registry.npmjs.org/nodemon not in flight; fetching
17 verbose request uri https://registry.npmjs.org/nodemon
18 verbose request no auth needed
19 info attempt registry request try #1 at 13:09:34
20 verbose request using bearer token for auth
21 verbose request id e71e9d3e0de9d516
22 verbose etag "1JR408BMVF756KIC4IW5YAU1W"
23 http request GET https://registry.npmjs.org/nodemon
24 http 200 https://registry.npmjs.org/nodemon
25 silly get cb [ 200,
25 silly get   { server: 'CouchDB/1.5.0 (Erlang OTP/R16B03)',
25 silly get     etag: '"DF50X0N0B30L2ARX4FPP2CA0"',
25 silly get     'content-type': 'application/json',
25 silly get     'cache-control': 'max-age=300',
25 silly get     'content-length': '181626',
25 silly get     'accept-ranges': 'bytes',
25 silly get     date: 'Fri, 11 Dec 2015 05:09:35 GMT',
25 silly get     via: '1.1 varnish',
25 silly get     connection: 'keep-alive',
25 silly get     'x-served-by': 'cache-lhr6321-LHR',
25 silly get     'x-cache': 'MISS',
25 silly get     'x-cache-hits': '0',
25 silly get     'x-timer': 'S1449810575.402406,VS0,VE368',
25 silly get     vary: 'Accept' } ]
26 verbose get saving nodemon to /Users/gdp/.npm/registry.npmjs.org/nodemon/.cache.json
27 silly addNameRange number 2 { name: 'nodemon', range: '*', hasData: true }
28 silly addNameRange versions [ 'nodemon',
28 silly addNameRange   [ '0.1.4',
28 silly addNameRange     '0.1.5',
28 silly addNameRange     '0.1.6',
28 silly addNameRange     '0.1.7',
28 silly addNameRange     '0.1.8',
28 silly addNameRange     '0.2.0',
28 silly addNameRange     '0.2.1',
28 silly addNameRange     '0.2.2',
28 silly addNameRange     '0.3.0',
28 silly addNameRange     '0.3.1',
28 silly addNameRange     '0.3.2',
28 silly addNameRange     '0.4.0',
28 silly addNameRange     '0.4.1',
28 silly addNameRange     '0.5.0',
28 silly addNameRange     '0.5.1',
28 silly addNameRange     '0.5.2',
28 silly addNameRange     '0.5.3',
28 silly addNameRange     '0.5.4',
28 silly addNameRange     '0.5.5',
28 silly addNameRange     '0.5.6',
28 silly addNameRange     '0.5.7',
28 silly addNameRange     '0.6.0',
28 silly addNameRange     '0.6.1',
28 silly addNameRange     '0.6.2',
28 silly addNameRange     '0.6.3',
28 silly addNameRange     '0.6.4',
28 silly addNameRange     '0.6.5',
28 silly addNameRange     '0.6.6',
28 silly addNameRange     '0.6.7',
28 silly addNameRange     '0.6.8',
28 silly addNameRange     '0.6.9',
28 silly addNameRange     '0.6.10',
28 silly addNameRange     '0.6.11',
28 silly addNameRange     '0.6.12',
28 silly addNameRange     '0.6.13',
28 silly addNameRange     '0.6.14',
28 silly addNameRange     '0.6.15',
28 silly addNameRange     '0.6.16',
28 silly addNameRange     '0.6.17',
28 silly addNameRange     '0.6.18',
28 silly addNameRange     '0.6.19',
28 silly addNameRange     '0.6.20',
28 silly addNameRange     '0.6.21',
28 silly addNameRange     '0.6.22',
28 silly addNameRange     '0.6.23',
28 silly addNameRange     '0.7.0',
28 silly addNameRange     '0.7.1',
28 silly addNameRange     '0.7.2',
28 silly addNameRange     '0.7.3',
28 silly addNameRange     '0.7.4',
28 silly addNameRange     '0.7.5',
28 silly addNameRange     '0.7.6',
28 silly addNameRange     '0.7.7',
28 silly addNameRange     '0.7.8',
28 silly addNameRange     '0.7.10',
28 silly addNameRange     '0.9.0',
28 silly addNameRange     '0.9.1',
28 silly addNameRange     '0.9.2',
28 silly addNameRange     '0.9.3',
28 silly addNameRange     '0.9.5',
28 silly addNameRange     '0.9.6',
28 silly addNameRange     '0.9.7',
28 silly addNameRange     '0.9.10',
28 silly addNameRange     '0.9.11',
28 silly addNameRange     '0.9.12',
28 silly addNameRange     '0.9.14',
28 silly addNameRange     '0.9.16',
28 silly addNameRange     '0.9.17',
28 silly addNameRange     '1.0.0',
28 silly addNameRange     '1.0.1',
28 silly addNameRange     '1.0.2',
28 silly addNameRange     '1.0.2-rc',
28 silly addNameRange     '0.6.10-a',
28 silly addNameRange     '1.0.2-rc3',
28 silly addNameRange     '1.0.2-rc4',
28 silly addNameRange     '1.0.3',
28 silly addNameRange     '1.0.4',
28 silly addNameRange     '1.0.5',
28 silly addNameRange     '1.0.6',
28 silly addNameRange     '1.0.7',
28 silly addNameRange     '1.0.8',
28 silly addNameRange     '1.0.9',
28 silly addNameRange     '1.0.10',
28 silly addNameRange     '1.0.11',
28 silly addNameRange     '1.0.12',
28 silly addNameRange     '1.0.13',
28 silly addNameRange     '1.0.14',
28 silly addNameRange     '1.0.15',
28 silly addNameRange     '1.0.16',
28 silly addNameRange     '1.0.17-rc1',
28 silly addNameRange     '1.0.17-rc2',
28 silly addNameRange     '1.0.17',
28 silly addNameRange     '1.0.18',
28 silly addNameRange     '1.0.19',
28 silly addNameRange     '1.0.20',
28 silly addNameRange     '1.1.0-alpha',
28 silly addNameRange     '1.1.0',
28 silly addNameRange     '1.1.1',
28 silly addNameRange     '1.2.0',
28 silly addNameRange     '1.2.1',
28 silly addNameRange     '1.3.0-0',
28 silly addNameRange     '1.3.0-1',
28 silly addNameRange     '1.3.0-2',
28 silly addNameRange     '1.3.0-3',
28 silly addNameRange     '1.3.0-4',
28 silly addNameRange     '1.3.0-5',
28 silly addNameRange     '1.3.0-6',
28 silly addNameRange     '1.3.0-7',
28 silly addNameRange     '1.3.0',
28 silly addNameRange     '1.3.1',
28 silly addNameRange     '1.3.2',
28 silly addNameRange     '1.3.3',
28 silly addNameRange     '1.3.5',
28 silly addNameRange     '1.3.6',
28 silly addNameRange     '1.3.7',
28 silly addNameRange     '1.3.8',
28 silly addNameRange     '1.4.0',
28 silly addNameRange     '1.4.1',
28 silly addNameRange     '1.5.0-alpha1',
28 silly addNameRange     '1.5.0-alpha2',
28 silly addNameRange     '1.5.0-alpha3',
28 silly addNameRange     '1.5.0-alpha4',
28 silly addNameRange     '1.4.2',
28 silly addNameRange     '1.5.0',
28 silly addNameRange     '1.5.1',
28 silly addNameRange     '1.6.0',
28 silly addNameRange     '1.6.1',
28 silly addNameRange     '1.7.0',
28 silly addNameRange     '1.7.1',
28 silly addNameRange     '1.7.2',
28 silly addNameRange     '1.7.3',
28 silly addNameRange     '1.8.0',
28 silly addNameRange     '1.8.1' ] ]
29 silly addNamed nodemon@1.8.1
30 verbose addNamed "1.8.1" is a plain semver version for nodemon
31 silly mapToRegistry name nodemon
32 silly mapToRegistry using default registry
33 silly mapToRegistry registry https://registry.npmjs.org/
34 silly mapToRegistry uri https://registry.npmjs.org/nodemon
35 verbose addRemoteTarball https://registry.npmjs.org/nodemon/-/nodemon-1.8.1.tgz not in flight; adding
36 verbose addRemoteTarball [ 'https://registry.npmjs.org/nodemon/-/nodemon-1.8.1.tgz',
36 verbose addRemoteTarball   '75cfd7ac167e938cdab7313c839bc45a1859bb32' ]
37 info retry fetch attempt 1 at 13:09:36
38 info attempt registry request try #1 at 13:09:36
39 http fetch GET https://registry.npmjs.org/nodemon/-/nodemon-1.8.1.tgz
40 verbose request using bearer token for auth
41 http fetch 200 https://registry.npmjs.org/nodemon/-/nodemon-1.8.1.tgz
42 silly fetchAndShaCheck shasum 75cfd7ac167e938cdab7313c839bc45a1859bb32
43 verbose addTmpTarball /var/folders/q4/vhzf_p25561czh3_jb1fbfrc0000gn/T/npm-75072-38975660/registry.npmjs.org/nodemon/-/nodemon-1.8.1.tgz not in flight; adding
44 verbose addTmpTarball already have metadata; skipping unpack for nodemon@1.8.1
45 silly cache afterAdd nodemon@1.8.1
46 verbose afterAdd /Users/gdp/.npm/nodemon/1.8.1/package/package.json not in flight; writing
47 verbose afterAdd /Users/gdp/.npm/nodemon/1.8.1/package/package.json written
48 silly install resolved [ { name: 'nodemon',
48 silly install resolved     homepage: 'http://nodemon.io',
48 silly install resolved     author: { name: 'Remy Sharp', url: 'http://github.com/remy' },
48 silly install resolved     bin: { nodemon: './bin/nodemon.js' },
48 silly install resolved     engines: { node: '>=0.8' },
48 silly install resolved     repository: { type: 'git', url: 'git+https://github.com/remy/nodemon.git' },
48 silly install resolved     description: 'Simple monitor script for use during development of a node.js app.',
48 silly install resolved     keywords:
48 silly install resolved      [ 'monitor',
48 silly install resolved        'development',
48 silly install resolved        'restart',
48 silly install resolved        'autoload',
48 silly install resolved        'reload',
48 silly install resolved        'terminal' ],
48 silly install resolved     preferGlobal: 'true',
48 silly install resolved     license: 'MIT',
48 silly install resolved     main: './lib/nodemon',
48 silly install resolved     scripts:
48 silly install resolved      { coverage: 'istanbul cover _mocha -- --timeout 30000 --ui bdd --reporter list test/**/*.test.js',
48 silly install resolved        lint: 'jscs lib/**/*.js -v',
48 silly install resolved        ':spec': 'mocha --timeout 30000 --ui bdd test/**/*.test.js',
48 silly install resolved        test: 'npm run lint && npm run spec',
48 silly install resolved        spec: 'for FILE in test/**/*.test.js; do echo $FILE; ./node_modules/.bin/mocha --timeout 30000 $FILE; if [ $? -ne 0 ]; then exit 1; fi; sleep 1; done',
48 silly install resolved        web: 'node web',
48 silly install resolved        'semantic-release': 'semantic-release pre && npm publish && semantic-release post' },
48 silly install resolved     devDependencies:
48 silly install resolved      { async: '1.4.2',
48 silly install resolved        'coffee-script': '~1.7.1',
48 silly install resolved        connect: '~2.19.1',
48 silly install resolved        istanbul: '~0.2.10',
48 silly install resolved        jscs: '2.1.1',
48 silly install resolved        mocha: '2.3.3',
48 silly install resolved        should: '~4.0.0',
48 silly install resolved        'semantic-release': '4.3.5' },
48 silly install resolved     dependencies:
48 silly install resolved      { chokidar: '^1.2.0',
48 silly install resolved        debug: '^2.2.0',
48 silly install resolved        'es6-promise': '^3.0.2',
48 silly install resolved        'lodash.defaults': '^3.1.2',
48 silly install resolved        minimatch: '^3.0.0',
48 silly install resolved        'ps-tree': '^1.0.1',
48 silly install resolved        touch: '1.0.0',
48 silly install resolved        undefsafe: '0.0.3',
48 silly install resolved        'update-notifier': '0.5.0' },
48 silly install resolved     version: '1.8.1',
48 silly install resolved     gitHead: 'b292ae74b7c43407a52ce2d33d36ff218f4245ed',
48 silly install resolved     bugs: { url: 'https://github.com/remy/nodemon/issues' },
48 silly install resolved     _id: 'nodemon@1.8.1',
48 silly install resolved     _shasum: '75cfd7ac167e938cdab7313c839bc45a1859bb32',
48 silly install resolved     _from: 'nodemon@*',
48 silly install resolved     _npmVersion: '2.14.9',
48 silly install resolved     _nodeVersion: '4.2.1',
48 silly install resolved     _npmUser: { name: 'remy', email: 'remy@leftlogic.com' },
48 silly install resolved     dist:
48 silly install resolved      { shasum: '75cfd7ac167e938cdab7313c839bc45a1859bb32',
48 silly install resolved        tarball: 'http://registry.npmjs.org/nodemon/-/nodemon-1.8.1.tgz' },
48 silly install resolved     maintainers: [ [Object] ],
48 silly install resolved     directories: {},
48 silly install resolved     _resolved: 'https://registry.npmjs.org/nodemon/-/nodemon-1.8.1.tgz' } ]
49 info install nodemon@1.8.1 into /usr/local/lib
50 info installOne nodemon@1.8.1
51 verbose installOne of nodemon to /usr/local/lib not in flight; installing
52 verbose lock using /Users/gdp/.npm/_locks/nodemon-49f7ed19e778991e.lock for /usr/local/lib/node_modules/nodemon
53 silly install write writing nodemon 1.8.1 to /usr/local/lib/node_modules/nodemon
54 verbose unbuild lib/node_modules/nodemon
55 silly gentlyRm /usr/local/lib/node_modules/nodemon is being purged from base /usr/local
56 verbose gentlyRm don't care about contents; nuking /usr/local/lib/node_modules/nodemon
57 verbose tar unpack /Users/gdp/.npm/nodemon/1.8.1/package.tgz
58 verbose tar unpacking to /usr/local/lib/node_modules/nodemon
59 silly gentlyRm /usr/local/lib/node_modules/nodemon is being purged
60 verbose gentlyRm don't care about contents; nuking /usr/local/lib/node_modules/nodemon
61 silly gunzTarPerm modes [ '755', '644' ]
62 error tar.unpack untar error /Users/gdp/.npm/nodemon/1.8.1/package.tgz
63 verbose unlock done using /Users/gdp/.npm/_locks/nodemon-49f7ed19e778991e.lock for /usr/local/lib/node_modules/nodemon
64 verbose fstream_path /usr/local/lib/node_modules/nodemon
65 verbose fstream_type Directory
66 verbose fstream_class DirWriter
67 verbose stack Error: EACCES: permission denied, mkdir '/usr/local/lib/node_modules/nodemon'
67 verbose stack     at Error (native)
68 verbose fstream_stack /usr/local/lib/node_modules/npm/node_modules/fstream/lib/dir-writer.js:35:25
68 verbose fstream_stack /usr/local/lib/node_modules/npm/node_modules/mkdirp/index.js:47:53
68 verbose fstream_stack FSReqWrap.oncomplete (fs.js:82:15)
69 verbose cwd /Users/gdp/Code/me/node/lesson/lesson8
70 error Darwin 15.0.0
71 error argv "/usr/local/bin/node" "/usr/local/bin/npm" "install" "-g" "nodemon"
72 error node v4.1.0
73 error npm  v2.14.3
74 error path /usr/local/lib/node_modules/nodemon
75 error code EACCES
76 error errno -13
77 error syscall mkdir
78 error Error: EACCES: permission denied, mkdir '/usr/local/lib/node_modules/nodemon'
78 error     at Error (native)
78 error  { [Error: EACCES: permission denied, mkdir '/usr/local/lib/node_modules/nodemon']
78 error   errno: -13,
78 error   code: 'EACCES',
78 error   syscall: 'mkdir',
78 error   path: '/usr/local/lib/node_modules/nodemon',
78 error   fstream_type: 'Directory',
78 error   fstream_path: '/usr/local/lib/node_modules/nodemon',
78 error   fstream_class: 'DirWriter',
78 error   fstream_stack:
78 error    [ '/usr/local/lib/node_modules/npm/node_modules/fstream/lib/dir-writer.js:35:25',
78 error      '/usr/local/lib/node_modules/npm/node_modules/mkdirp/index.js:47:53',
78 error      'FSReqWrap.oncomplete (fs.js:82:15)' ] }
79 error Please try running this command again as root/Administrator.
80 verbose exit [ -13, true ]
81 verbose unbuild lib/node_modules/nodemon
82 silly gentlyRm /usr/local/lib/node_modules/nodemon is being purged from base /usr/local
83 verbose gentlyRm don't care about contents; nuking /usr/local/lib/node_modules/nodemon
